<?xml version="1.0" encoding="UTF-8"?>
<!-- Generated by org.testng.reporters.JUnitReportReporter -->
<testsuite hostname="LAPTOP-BKP9G1P2" failures="0" tests="3" name="Maveen_TestNG.new_testNG.TestCase1" time="5.115" errors="0" timestamp="2023-08-02T09:42:11 IST" skipped="0">
  <testcase classname="Maveen_TestNG.new_testNG.TestCase1" name="Testc2" time="1.580"/>
  <system-out/>
  <testcase classname="Maveen_TestNG.new_testNG.TestCase1" name="Testc3" time="0.002"/>
  <system-out/>
  <testcase classname="Maveen_TestNG.new_testNG.TestCase1" name="Testc1" time="3.533"/>
  <system-out/>
</testsuite> <!-- Maveen_TestNG.new_testNG.TestCase1 -->
