<?xml version="1.0" encoding="UTF-8"?>
<!-- Generated by org.testng.reporters.JUnitReportReporter -->
<testsuite hostname="LAPTOP-BKP9G1P2" failures="0" tests="2" name="Maveen_TestNG.new_testNG.NewTest" time="0.013" errors="0" timestamp="2023-05-27T18:58:25 IST" skipped="0">
  <testcase classname="Maveen_TestNG.new_testNG.NewTest" name="fact2" time="0.002"/>
  <system-out/>
  <testcase classname="Maveen_TestNG.new_testNG.NewTest" name="fact" time="0.011"/>
  <system-out/>
</testsuite> <!-- Maveen_TestNG.new_testNG.NewTest -->
