<?xml version="1.0" encoding="UTF-8"?>
<!-- Generated by org.testng.reporters.JUnitReportReporter -->
<testsuite hostname="LAPTOP-BKP9G1P2" failures="0" tests="2" name="Maveen_TestNG.new_testNG.TestCaes1" time="9.741" errors="0" timestamp="2023-05-28T11:34:30 IST" skipped="0">
  <testcase classname="Maveen_TestNG.new_testNG.TestCaes1" name="Testcase1" time="6.632"/>
  <system-out/>
  <testcase classname="Maveen_TestNG.new_testNG.TestCaes1" name="Testcase2" time="3.109"/>
  <system-out/>
</testsuite> <!-- Maveen_TestNG.new_testNG.TestCaes1 -->
