<?xml version="1.0" encoding="UTF-8"?>
<!-- Generated by org.testng.reporters.JUnitReportReporter -->
<testsuite hostname="LAPTOP-BKP9G1P2" failures="0" tests="2" name="Annotations.TestDemo" time="0.009" errors="0" timestamp="2023-06-06T12:27:07 IST" skipped="0">
  <testcase classname="Annotations.TestDemo" name="Testcase2" time="0.005"/>
  <system-out/>
  <testcase classname="Annotations.TestDemo" name="Testcase1" time="0.004"/>
  <system-out/>
</testsuite> <!-- Annotations.TestDemo -->
