<?xml version="1.0" encoding="UTF-8"?>
<!-- Generated by org.testng.reporters.JUnitReportReporter -->
<testsuite hostname="LAPTOP-BKP9G1P2" failures="0" tests="5" name="Maveen_TestNG.new_testNG.PriorityConcept" time="0.013" errors="0" timestamp="2023-06-07T10:58:36 IST" skipped="1">
  <testcase classname="Maveen_TestNG.new_testNG.PriorityConcept" name="Testcase4" time="0.008"/>
  <system-out/>
  <testcase classname="Maveen_TestNG.new_testNG.PriorityConcept" name="Testcase1" time="0.001"/>
  <system-out/>
  <testcase classname="Maveen_TestNG.new_testNG.PriorityConcept" name="Testcase5" time="0.003"/>
  <system-out/>
  <testcase classname="Maveen_TestNG.new_testNG.PriorityConcept" name="Testcase2" time="0.001"/>
  <system-out/>
  <testcase classname="Maveen_TestNG.new_testNG.PriorityConcept" name="Testcase3">
    <skipped/>
  </testcase> <!-- Testcase3 -->
  <system-out/>
</testsuite> <!-- Maveen_TestNG.new_testNG.PriorityConcept -->
